<?xml version="1.0" encoding="UTF-8"?>
<testsuite name="me.lajesfen.api.ApiApplicationTests" tests="1" skipped="0" failures="0" errors="0" timestamp="2023-09-01T03:43:09" hostname="Lucianos-MacBook-Air.local" time="0.389">
  <properties/>
  <testcase name="contextLoads()" classname="me.lajesfen.api.ApiApplicationTests" time="0.389"/>
  <system-out><![CDATA[22:43:07.697 [Test worker] INFO org.springframework.test.context.support.AnnotationConfigContextLoaderUtils -- Could not detect default configuration classes for test class [me.lajesfen.api.ApiApplicationTests]: ApiApplicationTests does not declare any static, non-private, non-final, nested classes annotated with @Configuration.
22:43:07.760 [Test worker] INFO org.springframework.boot.test.context.SpringBootTestContextBootstrapper -- Found @SpringBootConfiguration me.lajesfen.api.ApiApplication for test class me.lajesfen.api.ApiApplicationTests

  .   ____          _            __ _ _
 /\\ / ___'_ __ _ _(_)_ __  __ _ \ \ \ \
( ( )\___ | '_ | '_| | '_ \/ _` | \ \ \ \
 \\/  ___)| |_)| | | | | || (_| |  ) ) ) )
  '  |____| .__|_| |_|_| |_\__, | / / / /
 =========|_|==============|___/=/_/_/_/
 :: Spring Boot ::                (v3.1.3)

2023-08-31T22:43:07.975-05:00  INFO 45111 --- [    Test worker] me.lajesfen.api.ApiApplicationTests      : Starting ApiApplicationTests using Java 17.0.6 with PID 45111 (started by lajesfen in /Users/lajesfen/Desktop/UTEC/DBP/Lab/lab-02-api-con-spring-boot-lajesfen)
2023-08-31T22:43:07.978-05:00  INFO 45111 --- [    Test worker] me.lajesfen.api.ApiApplicationTests      : No active profile set, falling back to 1 default profile: "default"
2023-08-31T22:43:08.274-05:00  INFO 45111 --- [    Test worker] .s.d.r.c.RepositoryConfigurationDelegate : Bootstrapping Spring Data JPA repositories in DEFAULT mode.
2023-08-31T22:43:08.302-05:00  INFO 45111 --- [    Test worker] .s.d.r.c.RepositoryConfigurationDelegate : Finished Spring Data repository scanning in 24 ms. Found 1 JPA repository interfaces.
2023-08-31T22:43:08.510-05:00  INFO 45111 --- [    Test worker] com.zaxxer.hikari.HikariDataSource       : HikariPool-1 - Starting...
2023-08-31T22:43:08.616-05:00  INFO 45111 --- [    Test worker] com.zaxxer.hikari.pool.HikariPool        : HikariPool-1 - Added connection conn0: url=jdbc:h2:mem:0c91cac0-9276-4cfe-bda2-c8b41a6b121f user=SA
2023-08-31T22:43:08.617-05:00  INFO 45111 --- [    Test worker] com.zaxxer.hikari.HikariDataSource       : HikariPool-1 - Start completed.
2023-08-31T22:43:08.646-05:00  INFO 45111 --- [    Test worker] o.hibernate.jpa.internal.util.LogHelper  : HHH000204: Processing PersistenceUnitInfo [name: default]
2023-08-31T22:43:08.672-05:00  INFO 45111 --- [    Test worker] org.hibernate.Version                    : HHH000412: Hibernate ORM core version 6.2.7.Final
2023-08-31T22:43:08.674-05:00  INFO 45111 --- [    Test worker] org.hibernate.cfg.Environment            : HHH000406: Using bytecode reflection optimizer
2023-08-31T22:43:08.749-05:00  INFO 45111 --- [    Test worker] o.h.b.i.BytecodeProviderInitiator        : HHH000021: Bytecode provider name : bytebuddy
2023-08-31T22:43:08.826-05:00  INFO 45111 --- [    Test worker] o.s.o.j.p.SpringPersistenceUnitInfo      : No LoadTimeWeaver setup: ignoring JPA class transformer
2023-08-31T22:43:08.967-05:00  INFO 45111 --- [    Test worker] o.h.b.i.BytecodeProviderInitiator        : HHH000021: Bytecode provider name : bytebuddy
2023-08-31T22:43:09.312-05:00  INFO 45111 --- [    Test worker] o.h.e.t.j.p.i.JtaPlatformInitiator       : HHH000490: Using JtaPlatform implementation: [org.hibernate.engine.transaction.jta.platform.internal.NoJtaPlatform]
2023-08-31T22:43:09.331-05:00  INFO 45111 --- [    Test worker] j.LocalContainerEntityManagerFactoryBean : Initialized JPA EntityManagerFactory for persistence unit 'default'
2023-08-31T22:43:09.539-05:00  WARN 45111 --- [    Test worker] JpaBaseConfiguration$JpaWebConfiguration : spring.jpa.open-in-view is enabled by default. Therefore, database queries may be performed during view rendering. Explicitly configure spring.jpa.open-in-view to disable this warning
2023-08-31T22:43:09.751-05:00  INFO 45111 --- [    Test worker] me.lajesfen.api.ApiApplicationTests      : Started ApiApplicationTests in 1.898 seconds (process running for 2.603)
]]></system-out>
  <system-err><![CDATA[]]></system-err>
</testsuite>
